<?xml version="1.0" encoding="UTF-8"?>
<!-- Generated by org.testng.reporters.JUnitXMLReporter -->
<testsuite hostname="inshivalis-2.local" ignored="0" name="regression" tests="6" failures="0" timestamp="06 Aug 2017 03:36:40 GMT" time="0.011" errors="0">
  <testcase name="@BeforeSuite verifyBeforeSuite" time="0.007" classname="login.LoginTest">
    <failure type="java.lang.NoClassDefFoundError" message="utili/DriverManager">
      <![CDATA[java.lang.NoClassDefFoundError: utili/DriverManager
	at login.LoginTest.verifyBeforeSuite(LoginTest.java:21)
Caused by: java.lang.ClassNotFoundException: utili.DriverManager
	at java.net.URLClassLoader.findClass(URLClassLoader.java:381)
	at java.lang.ClassLoader.loadClass(ClassLoader.java:424)
	at sun.misc.Launcher$AppClassLoader.loadClass(Launcher.java:331)
	at java.lang.ClassLoader.loadClass(ClassLoader.java:357)
	... 19 more
... Removed 18 stack frames]]>
    </failure>
  </testcase> <!-- @BeforeSuite verifyBeforeSuite -->
  <testcase name="verifyInvalidLogintoSpree" time="0.001" classname="login.LoginTest">
    <skipped/>
  </testcase> <!-- verifyInvalidLogintoSpree -->
  <testcase name="verifyValidLogintoSpree" time="0.0" classname="login.LoginTest">
    <skipped/>
  </testcase> <!-- verifyValidLogintoSpree -->
  <testcase name="verifyInvalidProdcutsSearch" time="0.0" classname="search.SearchProductsTest">
    <skipped/>
  </testcase> <!-- verifyInvalidProdcutsSearch -->
  <testcase name="verifySearchValidProduct" time="0.0" classname="search.SearchProductsTest">
    <skipped/>
  </testcase> <!-- verifySearchValidProduct -->
  <testcase name="verifySerachByBrand" time="0.0" classname="search.SearchProductsTest">
    <skipped/>
  </testcase> <!-- verifySerachByBrand -->
  <testcase name="verifySerachByCategories" time="0.0" classname="search.SearchProductsTest">
    <skipped/>
  </testcase> <!-- verifySerachByCategories -->
</testsuite> <!-- regression -->
